<?xml version="1.0" encoding="UTF-8"?>
<!-- Generated by org.testng.reporters.JUnitXMLReporter -->
<testsuite hostname="USER" ignored="0" name="SanityTest" tests="6" failures="0" timestamp="20 Sep 2019 19:55:10 GMT" time="212.083" errors="0">
  <testcase name="verifyContactCreation" time="4.171" classname="com.fcm.qa.testcases.ContactPageTest"/>
  <testcase name="verifyContactCreation" time="4.036" classname="com.fcm.qa.testcases.ContactPageTest"/>
  <testcase name="verifyPageTitle" time="0.018" classname="com.fcm.qa.testcases.HomePageTest"/>
  <testcase name="verifyPage" time="0.267" classname="com.fcm.qa.testcases.ContactPageTest"/>
  <testcase name="verifyLoggedInUser" time="3.668" classname="com.fcm.qa.testcases.HomePageTest"/>
  <testcase name="verifyLogoDisplayed" time="3.597" classname="com.fcm.qa.testcases.HomePageTest"/>
</testsuite> <!-- SanityTest -->
