<?xml version="1.0" encoding="UTF-8"?>
<!-- Generated by org.testng.reporters.JUnitXMLReporter -->
<testsuite hostname="USER" ignored="0" name="SanityTest" tests="6" failures="0" timestamp="19 Sep 2019 19:51:13 GMT" time="152.217" errors="0">
  <testcase name="verifyContactCreation" time="3.602" classname="com.fcm.qa.testcases.ContactPageTest"/>
  <testcase name="verifyContactCreation" time="4.004" classname="com.fcm.qa.testcases.ContactPageTest"/>
  <testcase name="verifyPageTitle" time="0.014" classname="com.fcm.qa.testcases.HomePageTest"/>
  <testcase name="verifyPage" time="0.194" classname="com.fcm.qa.testcases.ContactPageTest"/>
  <testcase name="verifyLoggedInUser" time="3.65" classname="com.fcm.qa.testcases.HomePageTest"/>
  <testcase name="verifyLogoDisplayed" time="3.679" classname="com.fcm.qa.testcases.HomePageTest"/>
</testsuite> <!-- SanityTest -->
