<?xml version="1.0" encoding="UTF-8"?>
<!-- Generated by org.testng.reporters.JUnitXMLReporter -->
<testsuite hostname="USER" ignored="0" name="Default test" tests="3" failures="0" timestamp="20 Sep 2019 10:28:37 GMT" time="79.373" errors="0">
  <testcase name="verifyPageTitle" time="0.033" classname="com.fcm.qa.testcases.HomePageTest"/>
  <testcase name="verifyLoggedInUser" time="4.155" classname="com.fcm.qa.testcases.HomePageTest"/>
  <testcase name="verifyLogoDisplayed" time="3.623" classname="com.fcm.qa.testcases.HomePageTest"/>
</testsuite> <!-- Default test -->
