<?xml version="1.0" encoding="UTF-8"?>
<!-- Generated by org.testng.reporters.JUnitXMLReporter -->
<testsuite hostname="USER" ignored="0" name="SanityTest" tests="6" failures="0" timestamp="20 Sep 2019 19:43:49 GMT" time="228.644" errors="0">
  <testcase name="verifyContactCreation" time="7.161" classname="com.fcm.qa.testcases.ContactPageTest"/>
  <testcase name="verifyContactCreation" time="3.523" classname="com.fcm.qa.testcases.ContactPageTest"/>
  <testcase name="verifyPageTitle" time="0.033" classname="com.fcm.qa.testcases.HomePageTest"/>
  <testcase name="verifyPage" time="0.25" classname="com.fcm.qa.testcases.ContactPageTest"/>
  <testcase name="verifyLoggedInUser" time="3.763" classname="com.fcm.qa.testcases.HomePageTest"/>
  <testcase name="verifyLogoDisplayed" time="3.988" classname="com.fcm.qa.testcases.HomePageTest"/>
</testsuite> <!-- SanityTest -->
